0 info it worked if it ends with ok
1 verbose cli [ 'C:\\Program Files\\nodejs\\node.exe',
1 verbose cli   'C:\\Program Files\\nodejs\\node_modules\\npm\\bin\\npm-cli.js',
1 verbose cli   'run',
1 verbose cli   'server' ]
2 info using npm@3.10.10
3 info using node@v6.11.0
4 verbose run-script [ 'preserver', 'server', 'postserver' ]
5 info lifecycle ng2-fundamentals-demo@1.0.0~preserver: ng2-fundamentals-demo@1.0.0
6 silly lifecycle ng2-fundamentals-demo@1.0.0~preserver: no script for preserver, continuing
7 info lifecycle ng2-fundamentals-demo@1.0.0~server: ng2-fundamentals-demo@1.0.0
8 verbose lifecycle ng2-fundamentals-demo@1.0.0~server: unsafe-perm in lifecycle true
9 verbose lifecycle ng2-fundamentals-demo@1.0.0~server: PATH: C:\Program Files\nodejs\node_modules\npm\bin\node-gyp-bin;C:\Users\s6p4\Documents\demo_projects\ng2-fundamentals\node_modules\.bin;C:\Program Files\nodejs\node_modules\npm\bin\node-gyp-bin;C:\Users\s6p4\Documents\demo_projects\ng2-fundamentals\node_modules\.bin;C:\cmder\bin;C:\cmder\vendor\conemu-maximus5\ConEmu\Scripts;C:\cmder\vendor\conemu-maximus5;C:\cmder\vendor\conemu-maximus5\ConEmu;C:\windows\system32;C:\windows;C:\windows\System32\Wbem;C:\windows\System32\WindowsPowerShell\v1.0\;C:\Program Files (x86)\Windows Kits\8.1\Windows Performance Toolkit\;C:\Program Files\Microsoft SQL Server\120\Tools\Binn\;C:\Program Files\Microsoft SQL Server\130\Tools\Binn\;C:\Program Files\dotnet\;C:\Program Files\Microsoft SQL Server\Client SDK\ODBC\110\Tools\Binn\;C:\Program Files (x86)\Microsoft SQL Server\120\Tools\Binn\ManagementStudio\;C:\Program Files (x86)\Microsoft SQL Server\120\Tools\Binn\;C:\Program Files (x86)\Microsoft SQL Server\120\DTS\Binn\;C:\Program Files\Microsoft\Web Platform Installer\;C:\Program Files (x86)\Microsoft ASP.NET\ASP.NET Web Pages\v1.0\;C:\Program Files\Microsoft SQL Server\110\Tools\Binn\;C:\MinGW\bin\;C:\Program Files (x86)\Sennheiser\SoftphoneSDK\;C:\Program Files\TortoiseGit\bin;C:\Go\bin;C:\Program Files\Git\cmd;C:\Program Files\nodejs\;C:\Users\adm_s6p4\AppData\Local\Programs\Python\Python36-32\Scripts\;C:\Users\adm_s6p4\AppData\Local\Programs\Python\Python36-32\;C:\Program Files (x86)\Microsoft VS Code\bin;C:\Program Files\Docker Toolbox;C:\Users\adm_s6p4\AppData\Roaming\npm;C:\Program Files\Git\usr\bin;C:\Program Files\Git\usr\share\vim\vim74;C:\cmder\
10 verbose lifecycle ng2-fundamentals-demo@1.0.0~server: CWD: C:\Users\s6p4\Documents\demo_projects\ng2-fundamentals
11 silly lifecycle ng2-fundamentals-demo@1.0.0~server: Args: [ '/d /s /c', 'node node_modules/ng2f-server/server.js' ]
12 silly lifecycle ng2-fundamentals-demo@1.0.0~server: Returned: code: 1073807364  signal: null
13 info lifecycle ng2-fundamentals-demo@1.0.0~server: Failed to exec server script
14 verbose stack Error: ng2-fundamentals-demo@1.0.0 server: `node node_modules/ng2f-server/server.js`
14 verbose stack Exit status 1073807364
14 verbose stack     at EventEmitter.<anonymous> (C:\Program Files\nodejs\node_modules\npm\lib\utils\lifecycle.js:255:16)
14 verbose stack     at emitTwo (events.js:106:13)
14 verbose stack     at EventEmitter.emit (events.js:191:7)
14 verbose stack     at ChildProcess.<anonymous> (C:\Program Files\nodejs\node_modules\npm\lib\utils\spawn.js:40:14)
14 verbose stack     at emitTwo (events.js:106:13)
14 verbose stack     at ChildProcess.emit (events.js:191:7)
14 verbose stack     at maybeClose (internal/child_process.js:891:16)
14 verbose stack     at Process.ChildProcess._handle.onexit (internal/child_process.js:226:5)
15 verbose pkgid ng2-fundamentals-demo@1.0.0
16 verbose cwd C:\Users\s6p4\Documents\demo_projects\ng2-fundamentals
17 error Windows_NT 6.1.7601
18 error argv "C:\\Program Files\\nodejs\\node.exe" "C:\\Program Files\\nodejs\\node_modules\\npm\\bin\\npm-cli.js" "run" "server"
19 error node v6.11.0
20 error npm  v3.10.10
21 error code ELIFECYCLE
22 error ng2-fundamentals-demo@1.0.0 server: `node node_modules/ng2f-server/server.js`
22 error Exit status 1073807364
23 error Failed at the ng2-fundamentals-demo@1.0.0 server script 'node node_modules/ng2f-server/server.js'.
23 error Make sure you have the latest version of node.js and npm installed.
23 error If you do, this is most likely a problem with the ng2-fundamentals-demo package,
23 error not with npm itself.
23 error Tell the author that this fails on your system:
23 error     node node_modules/ng2f-server/server.js
23 error You can get information on how to open an issue for this project with:
23 error     npm bugs ng2-fundamentals-demo
23 error Or if that isn't available, you can get their info via:
23 error     npm owner ls ng2-fundamentals-demo
23 error There is likely additional logging output above.
24 verbose exit [ 1, true ]
